0 info it worked if it ends with ok
1 verbose cli [ 'C:\\xampp\\htdocs\\nodejs\\node.exe',
1 verbose cli   'C:\\xampp\\htdocs\\nodejs\\node_modules\\npm\\bin\\npm-cli.js',
1 verbose cli   'run',
1 verbose cli   'start' ]
2 info using npm@3.10.10
3 info using node@v6.9.4
4 verbose run-script [ 'prestart', 'start', 'poststart' ]
5 info lifecycle reactplayapp@1.0.0~prestart: reactplayapp@1.0.0
6 silly lifecycle reactplayapp@1.0.0~prestart: no script for prestart, continuing
7 info lifecycle reactplayapp@1.0.0~start: reactplayapp@1.0.0
8 verbose lifecycle reactplayapp@1.0.0~start: unsafe-perm in lifecycle true
9 verbose lifecycle reactplayapp@1.0.0~start: PATH: C:\xampp\htdocs\nodejs\node_modules\npm\bin\node-gyp-bin;C:\xampp\htdocs\nodejs\reactplayapp\node_modules\.bin;C:\ProgramData\Oracle\Java\javapath;C:\Program Files (x86)\Intel\iCLS Client\;C:\Program Files\Intel\iCLS Client\;C:\Windows\system32;C:\Windows;C:\Windows\System32\Wbem;C:\Windows\System32\WindowsPowerShell\v1.0\;C:\Program Files\Intel\Intel(R) Management Engine Components\DAL;C:\Program Files\Intel\Intel(R) Management Engine Components\IPT;C:\Program Files (x86)\Intel\Intel(R) Management Engine Components\DAL;C:\Program Files (x86)\Intel\Intel(R) Management Engine Components\IPT;C:\Program Files\TortoiseGit\bin;C:\Program Files (x86)\Git\bin;C:\xampp\php;C:\ProgramData\ComposerSetup\bin;C:\Program Files\TortoiseSVN\bin;C:\Program Files (x86)\Brackets\command;C:\Program Files\Java\jdk1.8.0_60\bin;C:\xampp\htdocs\nodejs\;C:\Users\karthikeyan_ra\AppData\Roaming\Composer\vendor\bin;C:\Users\karthikeyan_ra\Downloads\eclipse-java-mars-2-win32-x86_64\eclipse\jre\bin\javaw.exe;C:\apache-maven\bin;C:\Users\karthikeyan_ra\AppData\Roaming\npm;C:\Users\karthikeyan_ra\AppData\Local\atom\bin
10 verbose lifecycle reactplayapp@1.0.0~start: CWD: C:\xampp\htdocs\nodejs\reactplayapp
11 silly lifecycle reactplayapp@1.0.0~start: Args: [ '/d /s /c', 'webpack-dev-server' ]
12 silly lifecycle reactplayapp@1.0.0~start: Returned: code: 3221225786  signal: null
13 info lifecycle reactplayapp@1.0.0~start: Failed to exec start script
14 verbose stack Error: reactplayapp@1.0.0 start: `webpack-dev-server`
14 verbose stack Exit status 3221225786
14 verbose stack     at EventEmitter.<anonymous> (C:\xampp\htdocs\nodejs\node_modules\npm\lib\utils\lifecycle.js:255:16)
14 verbose stack     at emitTwo (events.js:106:13)
14 verbose stack     at EventEmitter.emit (events.js:191:7)
14 verbose stack     at ChildProcess.<anonymous> (C:\xampp\htdocs\nodejs\node_modules\npm\lib\utils\spawn.js:40:14)
14 verbose stack     at emitTwo (events.js:106:13)
14 verbose stack     at ChildProcess.emit (events.js:191:7)
14 verbose stack     at maybeClose (internal/child_process.js:877:16)
14 verbose stack     at Process.ChildProcess._handle.onexit (internal/child_process.js:226:5)
15 verbose pkgid reactplayapp@1.0.0
16 verbose cwd C:\xampp\htdocs\nodejs\reactplayapp
17 error Windows_NT 6.3.9600
18 error argv "C:\\xampp\\htdocs\\nodejs\\node.exe" "C:\\xampp\\htdocs\\nodejs\\node_modules\\npm\\bin\\npm-cli.js" "run" "start"
19 error node v6.9.4
20 error npm  v3.10.10
21 error code ELIFECYCLE
22 error reactplayapp@1.0.0 start: `webpack-dev-server`
22 error Exit status 3221225786
23 error Failed at the reactplayapp@1.0.0 start script 'webpack-dev-server'.
23 error Make sure you have the latest version of node.js and npm installed.
23 error If you do, this is most likely a problem with the reactplayapp package,
23 error not with npm itself.
23 error Tell the author that this fails on your system:
23 error     webpack-dev-server
23 error You can get information on how to open an issue for this project with:
23 error     npm bugs reactplayapp
23 error Or if that isn't available, you can get their info via:
23 error     npm owner ls reactplayapp
23 error There is likely additional logging output above.
24 verbose exit [ 1, true ]
